2019/12/10 17:14:56 stoptime_false progam start at: 2019-12-10 17:14:56.559774 +0100 CET m=+69.154132074
2019/12/10 17:15:31 stoptime_false programme fail at: 2019-12-10 17:15:31.743988 +0100 CET m=+104.337290682
2019/12/10 17:15:31 stoptime_false programme finish at:2019-12-10 17:15:31.743988 +0100 CET m=+104.337290682 during: 35.183158begin at :2019-12-10 17:14:56.559774 +0100 CET m=+69.154132074
2019/12/10 17:17:17 stoptime_true progam start at: 2019-12-10 17:17:17.18096 +0100 CET m=+15.577605247
2019/12/10 17:17:33 stoptime_true programme stop at:2019-12-10 17:17:33.148813 +0100 CET m=+31.544979388
2019/12/10 17:17:33 stoptime_true programme finish at:2019-12-10 17:17:33.148813 +0100 CET m=+31.544979388 during: 15.967373begin at :2019-12-10 17:17:17.18096 +0100 CET m=+15.577605247
2019/12/10 17:18:31 stoptime_true progam start at: 2019-12-10 17:18:31.899073 +0100 CET m=+5.682859280
2019/12/10 17:18:35 stoptime_true programme stop at:2019-12-10 17:18:35.502898 +0100 CET m=+9.286575797
2019/12/10 17:18:35 stoptime_true programme finish at:2019-12-10 17:18:35.502898 +0100 CET m=+9.286575797 during: 3.603716begin at :2019-12-10 17:18:31.899073 +0100 CET m=+5.682859280
2019/12/10 17:23:57 stoptime_true progam start at: 2019-12-10 17:23:57.166202 +0100 CET m=+8.108520737
2019/12/10 17:24:01 stoptime_true programme stop at:2019-12-10 17:24:01.302133 +0100 CET m=+12.244327417
2019/12/10 17:24:01 stoptime_true programme finish at:2019-12-10 17:24:01.302133 +0100 CET m=+12.244327417 during: 4.135806begin at :2019-12-10 17:23:57.166202 +0100 CET m=+8.108520737
2019/12/10 17:27:27 stoptime_true progam start at: 2019-12-10 17:27:27.919406 +0100 CET m=+8.636867577
2019/12/10 17:27:33 stoptime_true programme stop at:2019-12-10 17:27:33.223709 +0100 CET m=+13.941010776
2019/12/10 17:27:33 stoptime_true programme finish at:2019-12-10 17:27:33.223709 +0100 CET m=+13.941010776 during: 5.304142begin at :2019-12-10 17:27:27.919406 +0100 CET m=+8.636867577
2019/12/10 17:28:37 stoptime_true progam start at: 2019-12-10 17:28:37.499168 +0100 CET m=+4.702735822
2019/12/10 17:28:41 stoptime_true programme stop at:2019-12-10 17:28:41.812253 +0100 CET m=+9.015690950
2019/12/10 17:28:41 stoptime_true programme finish at:2019-12-10 17:28:41.812253 +0100 CET m=+9.015690950 during: 4.312954begin at :2019-12-10 17:28:37.499168 +0100 CET m=+4.702735822
2019/12/10 17:29:26 stoptime_true progam start at: 2019-12-10 17:29:26.62543 +0100 CET m=+4.335149845
2019/12/10 17:29:29 stoptime_true programme stop at:2019-12-10 17:29:29.834993 +0100 CET m=+7.544617099
2019/12/10 17:29:29 stoptime_true programme finish at:2019-12-10 17:29:29.834993 +0100 CET m=+7.544617099 during: 3.209467begin at :2019-12-10 17:29:26.62543 +0100 CET m=+4.335149845
2019/12/10 17:32:19 stoptime_true progam start at: 2019-12-10 17:32:19.354354 +0100 CET m=+7.238897741
2019/12/10 17:32:22 stoptime_true programme stop at:2019-12-10 17:32:22.450125 +0100 CET m=+10.334575436
2019/12/10 17:32:22 stoptime_true programme finish at:2019-12-10 17:32:22.450125 +0100 CET m=+10.334575436 during: 3.095677begin at :2019-12-10 17:32:19.354354 +0100 CET m=+7.238897741
2019/12/10 17:33:29 stoptime_true progam start at: 2019-12-10 17:33:29.180861 +0100 CET m=+77.063309810
2019/12/10 17:33:32 stoptime_true programme stop at:2019-12-10 17:33:32.594773 +0100 CET m=+80.477119068
2019/12/10 17:33:32 stoptime_true programme finish at:2019-12-10 17:33:32.594773 +0100 CET m=+80.477119068 during: 3.413809begin at :2019-12-10 17:33:29.180861 +0100 CET m=+77.063309810
2019/12/10 17:33:34 reload taskmaster reload at:2019-12-10 17:33:34.744362 +0100 CET m=+82.626644544
2019/12/10 17:33:38 stoptime_true progam start at: 2019-12-10 17:33:38.00347 +0100 CET m=+85.885654172
2019/12/10 17:33:42 stoptime_true programme stop at:2019-12-10 17:33:42.155574 +0100 CET m=+90.037633884
2019/12/10 17:33:42 stoptime_true programme finish at:2019-12-10 17:33:42.155574 +0100 CET m=+90.037633884 during: 4.151979begin at :2019-12-10 17:33:38.00347 +0100 CET m=+85.885654172
2019/12/10 17:34:30 stoptime_true progam start at: 2019-12-10 17:34:30.923192 +0100 CET m=+8.463074760
2019/12/10 17:36:38 stoptime_true progam start at: 2019-12-10 17:36:38.75933 +0100 CET m=+5.044825819
2019/12/10 17:47:52 stoptime_true progam start at: 2019-12-10 17:47:52.472992 +0100 CET m=+22.506790619
2019/12/10 17:47:56 stoptime_true programme stop at:2019-12-10 17:47:56.71255 +0100 CET m=+26.746221015
2019/12/10 17:47:56 stoptime_true programme finish at:2019-12-10 17:47:56.71255 +0100 CET m=+26.746221015 during: 4.239430begin at :2019-12-10 17:47:52.472992 +0100 CET m=+22.506790619
2019/12/10 17:50:07 stoptime_true progam start at: 2019-12-10 17:50:07.152057 +0100 CET m=+4.017789978
2019/12/10 17:50:09 stoptime_true programme fail at: 2019-12-10 17:50:09.108912 +0100 CET m=+5.974586506
2019/12/10 17:50:09 stoptime_true programme finish at:2019-12-10 17:50:09.108912 +0100 CET m=+5.974586506 during: 1.956796begin at :2019-12-10 17:50:07.152057 +0100 CET m=+4.017789978
2019/12/10 17:50:24 stoptime_false progam start at: 2019-12-10 17:50:24.839482 +0100 CET m=+21.704684375
2019/12/10 17:50:42 stoptime_false programme stop at:2019-12-10 17:50:42.977135 +0100 CET m=+39.841793439
2019/12/10 17:50:42 stoptime_false programme finish at:2019-12-10 17:50:42.977135 +0100 CET m=+39.841793439 during: 18.137108begin at :2019-12-10 17:50:24.839482 +0100 CET m=+21.704684375
2019/12/10 17:51:54 dir progam start at: 2019-12-10 17:51:54.175094 +0100 CET m=+6.906782265
2019/12/10 17:51:54 dir programme finish at:2019-12-10 17:51:54.184211 +0100 CET m=+6.915898787 during: 0.009116begin at :2019-12-10 17:51:54.175094 +0100 CET m=+6.906782265
2019/12/10 17:53:00 dir progam start at: 2019-12-10 17:53:00.599693 +0100 CET m=+4.537576734
2019/12/10 17:53:00 dir programme finish at:2019-12-10 17:53:00.608952 +0100 CET m=+4.546835031 during: 0.009258begin at :2019-12-10 17:53:00.599693 +0100 CET m=+4.537576734
2019/12/10 17:54:14 dir progam start at: 2019-12-10 17:54:14.923461 +0100 CET m=+3.455304241
2019/12/10 17:54:14 dir programme finish at:2019-12-10 17:54:14.924653 +0100 CET m=+3.456496072 during: 0.001191begin at :2019-12-10 17:54:14.923461 +0100 CET m=+3.455304241
2019/12/10 17:55:49 dir progam start at: 2019-12-10 17:55:49.617262 +0100 CET m=+2.972729884
2019/12/10 17:55:49 dir programme finish at:2019-12-10 17:55:49.618652 +0100 CET m=+2.974119327 during: 0.001388begin at :2019-12-10 17:55:49.617262 +0100 CET m=+2.972729884
2019/12/10 17:56:43 dir progam start at: 2019-12-10 17:56:43.536189 +0100 CET m=+56.890038910
2019/12/10 17:56:43 dir programme finish at:2019-12-10 17:56:43.536444 +0100 CET m=+56.890293875 during: 0.000254begin at :2019-12-10 17:56:43.536189 +0100 CET m=+56.890038910
2019/12/10 17:59:28 dir progam start at: 2019-12-10 17:59:28.832225 +0100 CET m=+6.280498483
2019/12/10 17:59:28 dir programme finish at:2019-12-10 17:59:28.833801 +0100 CET m=+6.282074488 during: 0.001575begin at :2019-12-10 17:59:28.832225 +0100 CET m=+6.280498483
2019/12/10 18:01:18 dir progam start at: 2019-12-10 18:01:18.925859 +0100 CET m=+3.517223322
2019/12/10 18:01:18 dir programme finish at:2019-12-10 18:01:18.926821 +0100 CET m=+3.518185400 during: 0.000961begin at :2019-12-10 18:01:18.925859 +0100 CET m=+3.517223322
2019/12/10 18:02:09 dir progam start at: 2019-12-10 18:02:09.025071 +0100 CET m=+7.171660065
2019/12/10 18:02:09 dir programme finish at:2019-12-10 18:02:09.026043 +0100 CET m=+7.172631532 during: 0.000971begin at :2019-12-10 18:02:09.025071 +0100 CET m=+7.171660065
2019/12/10 18:05:36 dir progam start at: 2019-12-10 18:05:36.612768 +0100 CET m=+6.404479814
2019/12/10 18:05:36 dir programme finish at:2019-12-10 18:05:36.613681 +0100 CET m=+6.405393030 during: 0.000912begin at :2019-12-10 18:05:36.612768 +0100 CET m=+6.404479814
2019/12/10 18:07:42 dir progam start at: 2019-12-10 18:07:42.478584 +0100 CET m=+19.722424455
2019/12/10 18:07:42 dir programme finish at:2019-12-10 18:07:42.479597 +0100 CET m=+19.723437822 during: 0.001012begin at :2019-12-10 18:07:42.478584 +0100 CET m=+19.722424455
2019/12/10 18:07:44 dir progam start at: 2019-12-10 18:07:44.189473 +0100 CET m=+21.433262764
2019/12/10 18:07:44 dir programme finish at:2019-12-10 18:07:44.190139 +0100 CET m=+21.433927746 during: 0.000662begin at :2019-12-10 18:07:44.189473 +0100 CET m=+21.433262764
2019/12/10 18:07:44 dir progam start at: 2019-12-10 18:07:44.965869 +0100 CET m=+22.209634491
2019/12/10 18:07:44 dir programme finish at:2019-12-10 18:07:44.966312 +0100 CET m=+22.210077823 during: 0.000442begin at :2019-12-10 18:07:44.965869 +0100 CET m=+22.209634491
2019/12/10 18:14:49 stderr_stdout_redirect progam start at: 2019-12-10 18:14:49.384654 +0100 CET m=+38.538650225
2019/12/10 18:14:49 stderr_stdout_redirect programme finish at:2019-12-10 18:14:49.42296 +0100 CET m=+38.576955116 during: 0.038304begin at :2019-12-10 18:14:49.384654 +0100 CET m=+38.538650225
2019/12/10 18:16:31 dir progam start at: 2019-12-10 18:16:31.282972 +0100 CET m=+8.327317341
2019/12/10 18:16:31 dir programme finish at:2019-12-10 18:16:31.283529 +0100 CET m=+8.327873874 during: 0.000556begin at :2019-12-10 18:16:31.282972 +0100 CET m=+8.327317341
2019/12/10 18:17:47 dir progam start at: 2019-12-10 18:17:47.44012 +0100 CET m=+4.365070163
2019/12/10 18:17:47 dir programme finish at:2019-12-10 18:17:47.441198 +0100 CET m=+4.366148628 during: 0.001077begin at :2019-12-10 18:17:47.44012 +0100 CET m=+4.365070163
2019/12/10 18:46:10 dir progam start at: 2019-12-10 18:46:10.680273 +0100 CET m=+3.254670282
2019/12/10 18:46:10 dir programme finish at:2019-12-10 18:46:10.681431 +0100 CET m=+3.255827469 during: 0.001156begin at :2019-12-10 18:46:10.680273 +0100 CET m=+3.254670282
2019/12/10 18:47:07 stderr_stdout_default progam start at: 2019-12-10 18:47:07.746774 +0100 CET m=+60.319462652
2019/12/10 18:47:07 stderr_stdout_default programme finish at:2019-12-10 18:47:07.783349 +0100 CET m=+60.356036054 during: 0.036573begin at :2019-12-10 18:47:07.746774 +0100 CET m=+60.319462652
2019/12/10 18:52:46 dir progam start at: 2019-12-10 18:52:46.602175 +0100 CET m=+4.275418143
2019/12/10 18:52:46 dir programme finish at:2019-12-10 18:52:46.607366 +0100 CET m=+4.280608788 during: 0.005190begin at :2019-12-10 18:52:46.602175 +0100 CET m=+4.275418143
2019/12/10 19:07:21 dir progam start at: 2019-12-10 19:07:21.108964 +0100 CET m=+12.726906944
2019/12/10 19:07:21 dir programme finish at:2019-12-10 19:07:21.114293 +0100 CET m=+12.732235548 during: 0.005328begin at :2019-12-10 19:07:21.108964 +0100 CET m=+12.726906944
2019/12/10 19:08:11 dir progam start at: 2019-12-10 19:08:11.066531 +0100 CET m=+5.840161169
2019/12/10 19:08:11 dir programme finish at:2019-12-10 19:08:11.069665 +0100 CET m=+5.843295817 during: 0.003134begin at :2019-12-10 19:08:11.066531 +0100 CET m=+5.840161169
2019/12/10 19:09:09 dir progam start at: 2019-12-10 19:09:09.081781 +0100 CET m=+3.054046478
2019/12/10 19:09:09 dir programme finish at:2019-12-10 19:09:09.084979 +0100 CET m=+3.057244252 during: 0.003197begin at :2019-12-10 19:09:09.081781 +0100 CET m=+3.054046478
2019/12/10 19:15:54 dir progam start at: 2019-12-10 19:15:54.766243 +0100 CET m=+12.287553773
2019/12/10 19:15:54 dir programme finish at:2019-12-10 19:15:54.774821 +0100 CET m=+12.296131206 during: 0.008577begin at :2019-12-10 19:15:54.766243 +0100 CET m=+12.287553773
2019/12/10 20:03:03 dir progam start at: 2019-12-10 20:03:03.441013 +0100 CET m=+14.067128658
2019/12/10 20:03:03 dir programme finish at:2019-12-10 20:03:03.449351 +0100 CET m=+14.075465977 during: 0.008337begin at :2019-12-10 20:03:03.441013 +0100 CET m=+14.067128658
2019/12/10 20:03:23 dir progam start at: 2019-12-10 20:03:23.094592 +0100 CET m=+33.720118393
2019/12/10 20:03:23 dir programme finish at:2019-12-10 20:03:23.102933 +0100 CET m=+33.728459287 during: 0.008340begin at :2019-12-10 20:03:23.094592 +0100 CET m=+33.720118393
2019/12/10 21:21:27 dir progam start at: 2019-12-10 21:21:27.388447 +0100 CET m=+9.281584072
2019/12/10 21:21:27 dir programme finish at:2019-12-10 21:21:27.393917 +0100 CET m=+9.287053629 during: 0.005467begin at :2019-12-10 21:21:27.388447 +0100 CET m=+9.281584072
2019/12/10 21:51:35 dir progam start at: 2019-12-10 21:51:35.995662 +0100 CET m=+9.248165374
2019/12/10 21:51:36 dir programme finish at:2019-12-10 21:51:36.003095 +0100 CET m=+9.255598530 during: 0.007432begin at :2019-12-10 21:51:35.995662 +0100 CET m=+9.248165374
2019/12/10 21:51:59 dir progam start at: 2019-12-10 21:51:59.86097 +0100 CET m=+3.431155243
2019/12/10 21:51:59 dir programme finish at:2019-12-10 21:51:59.863802 +0100 CET m=+3.433986883 during: 0.002831begin at :2019-12-10 21:51:59.86097 +0100 CET m=+3.431155243
2019/12/10 21:54:05 env progam start at: 2019-12-10 21:54:05.951033 +0100 CET m=+6.132433855
2019/12/10 21:54:05 env programme finish at:2019-12-10 21:54:05.951558 +0100 CET m=+6.132959244 during: 0.000525begin at :2019-12-10 21:54:05.951033 +0100 CET m=+6.132433855
2019/12/10 21:55:16 env progam start at: 2019-12-10 21:55:16.148918 +0100 CET m=+4.411575791
2019/12/10 21:55:16 env programme finish at:2019-12-10 21:55:16.153662 +0100 CET m=+4.416319609 during: 0.004743begin at :2019-12-10 21:55:16.148918 +0100 CET m=+4.411575791
2019/12/10 22:17:56 autostart progam start at: 2019-12-10 22:17:56.06716 +0100 CET m=+0.004023402
2019/12/10 23:31:57 autostart progam start at: 2019-12-10 23:31:57.872099 +0100 CET m=+0.004925380
