2019/05/15 15:33:03 - - - - - - - - - - - - - - -
2019/05/15 15:33:03 daemon started
Error listening: listen tcp :3333: bind: address already in use
2019/11/08 16:37:07 - - - - - - - - - - - - - - -
2019/11/08 16:37:07 daemon started
2019/11/09 17:41:39 - - - - - - - - - - - - - - -
2019/11/09 17:41:39 daemon started
2019/11/09 17:41:39 open ../ini/ini.ini: no such file or directory
2019/11/09 17:44:45 - - - - - - - - - - - - - - -
2019/11/09 17:44:45 daemon started
2019/11/09 17:44:45 open ../ini/ini.ini: no such file or directory
2019/11/09 17:44:47 - - - - - - - - - - - - - - -
2019/11/09 17:44:47 daemon started
2019/11/09 17:44:47 open ../ini/ini.ini: no such file or directory
2019/11/09 17:45:20 - - - - - - - - - - - - - - -
2019/11/09 17:45:20 daemon started
2019/11/09 17:45:20 open ../ini/ini.ini: no such file or directory
2019/11/09 17:46:49 - - - - - - - - - - - - - - -
2019/11/09 17:46:49 daemon started
2019/11/09 17:46:49 open ../ini/ini.ini: no such file or directory
2019/11/09 17:46:51 - - - - - - - - - - - - - - -
2019/11/09 17:46:51 daemon started
2019/11/09 17:46:51 open ../ini/ini.ini: no such file or directory
2019/11/09 17:46:53 - - - - - - - - - - - - - - -
2019/11/09 17:46:53 daemon started
2019/11/09 17:46:53 open ../ini/ini.ini: no such file or directory
2019/11/09 17:48:52 - - - - - - - - - - - - - - -
2019/11/09 17:48:52 daemon started
2019/11/09 17:48:52 open ../ini/ini.ini: no such file or directory
2019/11/09 17:49:20 - - - - - - - - - - - - - - -
2019/11/09 17:49:20 daemon started
2019/11/09 17:49:20 open ../ini/ini.ini: no such file or directory
2019/11/09 17:49:36 - - - - - - - - - - - - - - -
2019/11/09 17:49:36 daemon started
2019/11/09 17:49:36 open ../ini/ini.ini: no such file or directory
2019/11/09 17:51:56 - - - - - - - - - - - - - - -
2019/11/09 17:51:56 daemon started
2019/11/09 17:51:56 open ../ini/ini.ini: no such file or directory
2019/11/09 17:51:59 - - - - - - - - - - - - - - -
2019/11/09 17:51:59 daemon started
2019/11/09 17:51:59 open ../ini/ini.ini: no such file or directory
2019/11/09 17:52:00 - - - - - - - - - - - - - - -
2019/11/09 17:52:00 daemon started
2019/11/09 17:52:00 open ../ini/ini.ini: no such file or directory
2019/11/09 17:52:00 - - - - - - - - - - - - - - -
2019/11/09 17:52:00 daemon started
2019/11/09 17:52:00 open ../ini/ini.ini: no such file or directory
2019/11/09 17:52:13 - - - - - - - - - - - - - - -
2019/11/09 17:52:13 daemon started
2019/11/09 17:52:13 open ../ini/ini.ini: no such file or directory
2019/11/09 17:52:49 - - - - - - - - - - - - - - -
2019/11/09 17:52:49 daemon started
2019/11/09 17:52:49 open ../ini/ini.ini: no such file or directory
2019/11/09 17:52:50 - - - - - - - - - - - - - - -
2019/11/09 17:52:50 daemon started
2019/11/09 17:52:50 open ../ini/ini.ini: no such file or directory
2019/11/09 17:56:59 - - - - - - - - - - - - - - -
2019/11/09 17:56:59 daemon started
[127 17]
yttyyt
2019/11/09 17:59:39 - - - - - - - - - - - - - - -
2019/11/09 17:59:39 daemon started
[127 17]
yttyyt
2019/11/09 19:37:31 - - - - - - - - - - - - - - -
2019/11/09 19:37:31 daemon started
[127 17]
yttyyt
EOF
EOF
