2019/05/11 18:16:16 - - - - - - - - - - - - - - -
2019/05/11 18:16:16 daemon started
Error listening: listen tcp :3333: bind: address already in use
2019/05/11 18:16:17 - - - - - - - - - - - - - - -
2019/05/11 18:16:17 daemon started
Error listening: listen tcp :3333: bind: address already in use
2019/05/11 18:16:18 - - - - - - - - - - - - - - -
2019/05/11 18:16:18 daemon started
Error listening: listen tcp :3333: bind: address already in use
2019/05/11 18:16:19 - - - - - - - - - - - - - - -
2019/05/11 18:16:19 daemon started
Error listening: listen tcp :3333: bind: address already in use
2019/05/11 18:16:20 - - - - - - - - - - - - - - -
2019/05/11 18:16:20 daemon started
Error listening: listen tcp :3333: bind: address already in use
2019/05/11 18:16:20 - - - - - - - - - - - - - - -
2019/05/11 18:16:20 daemon started
Error listening: listen tcp :3333: bind: address already in use
2019/05/11 18:16:21 - - - - - - - - - - - - - - -
2019/05/11 18:16:21 daemon started
Error listening: listen tcp :3333: bind: address already in use
2019/05/11 18:16:21 - - - - - - - - - - - - - - -
2019/05/11 18:16:21 daemon started
Error listening: listen tcp :3333: bind: address already in use
2019/05/11 18:16:21 - - - - - - - - - - - - - - -
2019/05/11 18:16:21 daemon started
Error listening: listen tcp :3333: bind: address already in use
2019/05/11 18:16:22 - - - - - - - - - - - - - - -
2019/05/11 18:16:22 daemon started
Error listening: listen tcp :3333: bind: address already in use
2019/05/11 18:16:22 - - - - - - - - - - - - - - -
2019/05/11 18:16:22 daemon started
Error listening: listen tcp :3333: bind: address already in use
2019/05/11 18:16:23 - - - - - - - - - - - - - - -
2019/05/11 18:16:23 daemon started
Error listening: listen tcp :3333: bind: address already in use
2019/05/11 18:16:24 - - - - - - - - - - - - - - -
2019/05/11 18:16:24 daemon started
Error listening: listen tcp :3333: bind: address already in use
2019/05/11 18:16:24 - - - - - - - - - - - - - - -
2019/05/11 18:16:24 daemon started
Error listening: listen tcp :3333: bind: address already in use
2019/05/11 18:16:26 - - - - - - - - - - - - - - -
2019/05/11 18:16:26 daemon started
Error listening: listen tcp :3333: bind: address already in use
2019/05/11 18:16:27 - - - - - - - - - - - - - - -
2019/05/11 18:16:27 daemon started
Error listening: listen tcp :3333: bind: address already in use
2019/05/11 18:16:27 - - - - - - - - - - - - - - -
2019/05/11 18:16:27 daemon started
Error listening: listen tcp :3333: bind: address already in use
2019/05/11 18:16:28 - - - - - - - - - - - - - - -
2019/05/11 18:16:28 daemon started
Error listening: listen tcp :3333: bind: address already in use
2019/05/11 18:17:11 - - - - - - - - - - - - - - -
2019/05/11 18:17:11 daemon started
EOF
EOF
EOF
EOF
EOF
EOF
EOF
EOF
EOF
EOF
EOF
EOF
EOF
EOF
EOF
EOF
EOF
EOF
EOF
EOF
EOF
EOF
EOF
EOF
EOF
EOF
EOF
EOF
EOF
EOF
EOF
EOF
EOF
EOF
EOF
EOF
EOF
EOF
EOF
EOF
EOF
EOF
EOF
EOF
EOF
EOF
EOF
EOF
EOF
EOF
EOF
EOF
EOF
EOF
EOF
EOF
EOF
EOF
EOF
EOF
EOF
EOF
EOF
EOF
EOF
EOF
EOF
EOF
EOF
EOF
EOF
EOF
EOF
EOF
EOF
EOF
EOF
EOF
EOF
EOF
EOF
EOF
read tcp 51.255.43.50:3333->45.227.255.5:688: read: connection reset by peer
EOF
EOF
EOF
EOF
2019/05/13 10:40:21 - - - - - - - - - - - - - - -
2019/05/13 10:40:21 daemon started
Error listening: listen tcp :3333: bind: address already in use
EOF
EOF
EOF
2019/05/13 10:44:21 - - - - - - - - - - - - - - -
2019/05/13 10:44:21 daemon started
EOF
EOF
EOF
EOF
EOF
2019/05/14 17:00:00 - - - - - - - - - - - - - - -
2019/05/14 17:00:00 daemon started
2019/05/14 17:02:32 - - - - - - - - - - - - - - -
2019/05/14 17:02:32 daemon started
2019/05/14 17:06:23 - - - - - - - - - - - - - - -
2019/05/14 17:06:23 daemon started
