2019/12/14 14:29:31 autostart progam start at: 2019-12-14 14:29:31.981181 +0100 CET m=+0.003892354
2019/12/14 14:29:55 autorestart_ever progam start at: 2019-12-14 14:29:55.457971 +0100 CET m=+23.481840861
2019/12/14 14:29:59 autorestart_ever progam start at: 2019-12-14 14:29:59.425742 +0100 CET m=+27.449808408
2019/12/14 14:33:28 reload taskmaster reload at:2019-12-14 14:33:28.063152 +0100 CET m=+236.096956495
2019/12/14 14:33:28 autostart progam start at: 2019-12-14 14:33:28.066393 +0100 CET m=+236.100197932
2019/12/14 14:34:26 reload taskmaster reload at:2019-12-14 14:34:26.516678 +0100 CET m=+294.553340871
2019/12/14 14:34:26 autostart progam start at: 2019-12-14 14:34:26.521877 +0100 CET m=+294.558539994
2019/12/14 14:35:02 reload progam start at: 2019-12-14 14:35:02.76277 +0100 CET m=+330.801211716
2019/12/14 14:35:02 reload programme finish at:2019-12-14 14:35:02.767764 +0100 CET m=+330.806206618 during: 0.004994begin at :2019-12-14 14:35:02.76277 +0100 CET m=+330.801211716
2019/12/14 14:36:08 reload taskmaster reload at:2019-12-14 14:36:08.583412 +0100 CET m=+396.625085717
2019/12/14 14:36:08 autostart progam start at: 2019-12-14 14:36:08.587376 +0100 CET m=+396.629049850
2019/12/14 14:36:10 reload progam start at: 2019-12-14 14:36:10.039491 +0100 CET m=+398.081236056
2019/12/14 14:36:10 reload programme finish at:2019-12-14 14:36:10.05671 +0100 CET m=+398.098455969 during: 0.017219begin at :2019-12-14 14:36:10.039491 +0100 CET m=+398.081236056
2019/12/14 14:37:35 autorestart_ever progam start at: 2019-12-14 14:37:35.739639 +0100 CET m=+483.785592193
2019/12/14 14:37:49 autorestart_ever progam start at: 2019-12-14 14:37:49.710834 +0100 CET m=+497.757472765
2019/12/14 14:38:19 autorestart_unexpected progam start at: 2019-12-14 14:38:19.832949 +0100 CET m=+527.881066497
2019/12/14 14:39:14 autorestart_unexpected progam start at: 2019-12-14 14:39:14.119376 +0100 CET m=+582.170158968
2019/12/14 14:39:52 autostart programme stop at:2019-12-14 14:39:52.0937 +0100 CET m=+620.146347686
2019/12/14 14:39:52 autorestart_unexpected programme stop at:2019-12-14 14:39:52.093917 +0100 CET m=+620.146564225
2019/12/14 14:39:52 autorestart_ever programme stop at:2019-12-14 14:39:52.097856 +0100 CET m=+620.150503587
2019/12/14 14:40:01 exitcodes_true progam start at: 2019-12-14 14:40:01.876325 +0100 CET m=+629.929452757
2019/12/14 14:40:06 exitcodes_false progam start at: 2019-12-14 14:40:06.267796 +0100 CET m=+634.321140011
2019/12/14 14:40:46 exitcodes_false programme fail at: 2019-12-14 14:40:46.098137 +0100 CET m=+674.153436041
2019/12/14 14:40:50 exitcodes_true programme fail at: 2019-12-14 14:40:50.893276 +0100 CET m=+678.948810707
2019/12/14 14:41:50 exitcodes_true progam start at: 2019-12-14 14:41:50.326667 +0100 CET m=+738.385119821
2019/12/14 14:42:11 exitcodes_true programme finish at:2019-12-14 14:42:11.234646 +0100 CET m=+759.294125173 during: 20.909005begin at :2019-12-14 14:41:50.326667 +0100 CET m=+738.385119821
2019/12/14 14:43:27 autostart progam start at: 2019-12-14 14:43:27.800943 +0100 CET m=+0.004214439
2019/12/14 14:43:34 exitcodes_true progam start at: 2019-12-14 14:43:34.113339 +0100 CET m=+6.316920606
2019/12/14 14:43:37 exitcodes_true programme finish at:2019-12-14 14:43:37.961825 +0100 CET m=+10.165594585 during: 3.848673begin at :2019-12-14 14:43:34.113339 +0100 CET m=+6.316920606
2019/12/14 14:43:41 exitcodes_true progam start at: 2019-12-14 14:43:41.657212 +0100 CET m=+13.861170370
2019/12/14 14:43:59 exitcodes_true programme fail at: 2019-12-14 14:43:59.553485 +0100 CET m=+31.758314846
2019/12/14 14:46:51 autostart progam start at: 2019-12-14 14:46:51.871191 +0100 CET m=+0.003856952
2019/12/14 14:46:59 exitcodes_true progam start at: 2019-12-14 14:46:59.415727 +0100 CET m=+7.548762472
2019/12/14 14:46:59 exitcodes_true programme finish at:2019-12-14 14:46:59.422748 +0100 CET m=+7.555784569 during: 0.007022begin at :2019-12-14 14:46:59.415727 +0100 CET m=+7.548762472
2019/12/14 14:47:17 exitcodes_false progam start at: 2019-12-14 14:47:17.118868 +0100 CET m=+25.252773085
2019/12/14 14:47:17 exitcodes_false progam start at: 2019-12-14 14:47:17.126306 +0100 CET m=+25.260211896
2019/12/14 14:47:17 exitcodes_false progam start at: 2019-12-14 14:47:17.134234 +0100 CET m=+25.268139910
2019/12/14 14:47:17 exitcodes_false progam start at: 2019-12-14 14:47:17.141088 +0100 CET m=+25.274993938
2019/12/14 14:47:17 exitcodes_false progam start at: 2019-12-14 14:47:17.148119 +0100 CET m=+25.282025691
2019/12/14 14:47:17 exitcodes_false progam start at: 2019-12-14 14:47:17.155601 +0100 CET m=+25.289507566
2019/12/14 14:47:17 exitcodes_false progam start at: 2019-12-14 14:47:17.162582 +0100 CET m=+25.296489369
2019/12/14 14:47:17 exitcodes_false progam start at: 2019-12-14 14:47:17.169442 +0100 CET m=+25.303350049
2019/12/14 14:47:17 exitcodes_false progam start at: 2019-12-14 14:47:17.176191 +0100 CET m=+25.310099356
2019/12/14 14:47:17 exitcodes_false progam start at: 2019-12-14 14:47:17.183053 +0100 CET m=+25.316961266
2019/12/14 14:47:17 exitcodes_false progam start at: 2019-12-14 14:47:17.189858 +0100 CET m=+25.323766989
2019/12/14 14:47:17 exitcodes_false progam start at: 2019-12-14 14:47:17.196695 +0100 CET m=+25.330603993
2019/12/14 14:47:17 exitcodes_false progam start at: 2019-12-14 14:47:17.203636 +0100 CET m=+25.337545569
2019/12/14 14:47:17 exitcodes_false progam start at: 2019-12-14 14:47:17.21049 +0100 CET m=+25.344399923
2019/12/14 14:47:17 exitcodes_false progam start at: 2019-12-14 14:47:17.217414 +0100 CET m=+25.351324044
2019/12/14 14:47:17 exitcodes_false progam start at: 2019-12-14 14:47:17.22444 +0100 CET m=+25.358350161
2019/12/14 14:47:17 exitcodes_false progam start at: 2019-12-14 14:47:17.231531 +0100 CET m=+25.365441217
2019/12/14 14:47:17 exitcodes_false progam start at: 2019-12-14 14:47:17.238512 +0100 CET m=+25.372422723
2019/12/14 14:47:17 exitcodes_false progam start at: 2019-12-14 14:47:17.245421 +0100 CET m=+25.379332610
2019/12/14 14:47:17 exitcodes_false progam start at: 2019-12-14 14:47:17.252371 +0100 CET m=+25.386282926
2019/12/14 14:47:17 exitcodes_false progam start at: 2019-12-14 14:47:17.259212 +0100 CET m=+25.393124281
2019/12/14 14:47:17 exitcodes_false progam start at: 2019-12-14 14:47:17.266126 +0100 CET m=+25.400038233
2019/12/14 14:47:17 exitcodes_false progam start at: 2019-12-14 14:47:17.273318 +0100 CET m=+25.407230834
2019/12/14 14:47:17 exitcodes_false progam start at: 2019-12-14 14:47:17.280485 +0100 CET m=+25.414398270
2019/12/14 14:47:17 exitcodes_false progam start at: 2019-12-14 14:47:17.287607 +0100 CET m=+25.421520674
2019/12/14 14:47:17 exitcodes_false progam start at: 2019-12-14 14:47:17.294445 +0100 CET m=+25.428358729
2019/12/14 14:47:17 exitcodes_false progam start at: 2019-12-14 14:47:17.301328 +0100 CET m=+25.435241598
2019/12/14 14:47:17 exitcodes_false progam start at: 2019-12-14 14:47:17.308145 +0100 CET m=+25.442059792
2019/12/14 14:47:17 exitcodes_false progam start at: 2019-12-14 14:47:17.315037 +0100 CET m=+25.448951887
2019/12/14 14:47:17 exitcodes_false progam start at: 2019-12-14 14:47:17.32182 +0100 CET m=+25.455735310
2019/12/14 14:47:17 exitcodes_false progam start at: 2019-12-14 14:47:17.328516 +0100 CET m=+25.462431148
2019/12/14 14:47:17 exitcodes_false progam start at: 2019-12-14 14:47:17.335585 +0100 CET m=+25.469500235
2019/12/14 14:47:17 exitcodes_false progam start at: 2019-12-14 14:47:17.342299 +0100 CET m=+25.476214872
2019/12/14 14:47:17 exitcodes_false progam start at: 2019-12-14 14:47:17.349185 +0100 CET m=+25.483101411
2019/12/14 14:47:17 exitcodes_false progam start at: 2019-12-14 14:47:17.35589 +0100 CET m=+25.489806232
2019/12/14 14:47:17 exitcodes_false progam start at: 2019-12-14 14:47:17.362832 +0100 CET m=+25.496748968
2019/12/14 14:47:17 exitcodes_false progam start at: 2019-12-14 14:47:17.369594 +0100 CET m=+25.503511878
2019/12/14 14:47:17 exitcodes_false progam start at: 2019-12-14 14:47:17.376286 +0100 CET m=+25.510203627
2019/12/14 14:47:17 exitcodes_false progam start at: 2019-12-14 14:47:17.38301 +0100 CET m=+25.516927603
2019/12/14 14:47:17 exitcodes_false progam start at: 2019-12-14 14:47:17.389752 +0100 CET m=+25.523670363
2019/12/14 14:47:17 exitcodes_false progam start at: 2019-12-14 14:47:17.396502 +0100 CET m=+25.530420522
2019/12/14 14:47:17 exitcodes_false progam start at: 2019-12-14 14:47:17.403276 +0100 CET m=+25.537195519
2019/12/14 14:47:17 exitcodes_false progam start at: 2019-12-14 14:47:17.410279 +0100 CET m=+25.544198208
2019/12/14 14:47:17 exitcodes_false progam start at: 2019-12-14 14:47:17.417322 +0100 CET m=+25.551241564
2019/12/14 14:47:17 exitcodes_false progam start at: 2019-12-14 14:47:17.424073 +0100 CET m=+25.557993332
2019/12/14 14:47:17 exitcodes_false progam start at: 2019-12-14 14:47:17.431686 +0100 CET m=+25.565606316
2019/12/14 14:47:17 exitcodes_false progam start at: 2019-12-14 14:47:17.43881 +0100 CET m=+25.572731238
2019/12/14 14:47:17 exitcodes_false progam start at: 2019-12-14 14:47:17.446 +0100 CET m=+25.579920907
2019/12/14 14:47:17 exitcodes_false progam start at: 2019-12-14 14:47:17.453387 +0100 CET m=+25.587308782
2019/12/14 14:47:17 exitcodes_false programme abort at: 2019-12-14 14:47:17.46023 +0100 CET m=+25.594152087
2019/12/14 14:48:13 starttime_true progam start at: 2019-12-14 14:48:13.53981 +0100 CET m=+81.676485001
2019/12/14 14:48:17 starttime_false progam start at: 2019-12-14 14:48:17.915595 +0100 CET m=+86.052485286
2019/12/14 14:48:18 starttime_false programme finish at:2019-12-14 14:48:18.92787 +0100 CET m=+87.064809692 during: 1.012324begin at :2019-12-14 14:48:17.915595 +0100 CET m=+86.052485286
2019/12/14 14:48:23 starttime_true programme fail at: 2019-12-14 14:48:23.551004 +0100 CET m=+91.688170927
2019/12/14 14:48:38 autostart programme finish at:2019-12-14 14:48:38.745641 +0100 CET m=+106.883553732 during: 106.879696begin at :2019-12-14 14:46:51.871191 +0100 CET m=+0.003856952
2019/12/14 14:50:21 autostart progam start at: 2019-12-14 14:50:21.541129 +0100 CET m=+0.004315407
2019/12/14 14:50:30 starttime_false progam start at: 2019-12-14 14:50:30.701203 +0100 CET m=+9.164839142
2019/12/14 14:50:31 starttime_false programme finish at:2019-12-14 14:50:31.712555 +0100 CET m=+10.176240997 during: 1.011401begin at :2019-12-14 14:50:30.701203 +0100 CET m=+9.164839142
2019/12/14 14:50:47 starttime_true progam start at: 2019-12-14 14:50:47.260439 +0100 CET m=+25.724888631
2019/12/14 14:50:57 starttime_true programme fail at: 2019-12-14 14:50:57.26744 +0100 CET m=+35.732381245
2019/12/14 14:55:36 autostart progam start at: 2019-12-14 14:55:36.27771 +0100 CET m=+0.003961633
2019/12/14 14:55:40 starttime_true progam start at: 2019-12-14 14:55:40.413993 +0100 CET m=+4.140447607
2019/12/14 14:55:50 starttime_true programme fail at: 2019-12-14 14:55:50.425971 +0100 CET m=+14.152917799
2019/12/14 15:01:43 autostart progam start at: 2019-12-14 15:01:43.013589 +0100 CET m=+0.003807377
2019/12/14 15:01:46 starttime_true progam start at: 2019-12-14 15:01:46.556067 +0100 CET m=+3.546459903
2019/12/14 15:01:56 starttime_true programme fail at: 2019-12-14 15:01:56.567568 +0100 CET m=+13.558451958
2019/12/14 15:05:34 autostart progam start at: 2019-12-14 15:05:34.672972 +0100 CET m=+0.004107119
2019/12/14 15:05:37 starttime_true progam start at: 2019-12-14 15:05:37.744915 +0100 CET m=+3.076200109
2019/12/14 15:05:47 starttime_true programme fail at: 2019-12-14 15:05:47.752421 +0100 CET m=+13.084196179
2019/12/14 15:08:07 autostart progam start at: 2019-12-14 15:08:07.873329 +0100 CET m=+0.003793227
2019/12/14 15:08:12 starttime_true progam start at: 2019-12-14 15:08:12.625159 +0100 CET m=+4.755856353
2019/12/14 15:08:22 starttime_true programme fail at: 2019-12-14 15:08:22.635976 +0100 CET m=+14.767163873
2019/12/14 15:08:37 starttime_false progam start at: 2019-12-14 15:08:37.39997 +0100 CET m=+29.531880742
2019/12/14 15:08:38 starttime_false programme finish at:2019-12-14 15:08:38.411745 +0100 CET m=+30.543705743 during: 1.011808begin at :2019-12-14 15:08:37.39997 +0100 CET m=+29.531880742
2019/12/14 15:10:53 reload taskmaster reload at:2019-12-14 15:10:53.378018 +0100 CET m=+165.516591255
2019/12/14 15:10:53 autostart progam start at: 2019-12-14 15:10:53.382313 +0100 CET m=+165.520887259
2019/12/14 15:10:56 autostart progam start at: 2019-12-14 15:10:56.290481 +0100 CET m=+0.003664846
2019/12/14 15:11:01 starttime_false progam start at: 2019-12-14 15:11:01.552882 +0100 CET m=+5.266324094
2019/12/14 15:11:02 starttime_false programme finish at:2019-12-14 15:11:02.562863 +0100 CET m=+6.276354013 during: 1.010013begin at :2019-12-14 15:11:01.552882 +0100 CET m=+5.266324094
2019/12/14 15:13:18 autostart progam start at: 2019-12-14 15:13:18.185532 +0100 CET m=+0.003716091
2019/12/14 15:13:25 autostart progam start at: 2019-12-14 15:13:25.760984 +0100 CET m=+0.003990033
2019/12/14 15:14:12 autostart progam start at: 2019-12-14 15:14:12.887579 +0100 CET m=+0.004121620
2019/12/14 15:14:53 autostart progam start at: 2019-12-14 15:14:53.286684 +0100 CET m=+0.005158095
2019/12/14 15:15:00 starttime_false progam start at: 2019-12-14 15:15:00.221256 +0100 CET m=+6.940069505
2019/12/14 15:15:01 starttime_false programme fail at: 2019-12-14 15:15:01.229965 +0100 CET m=+7.948827904
